{"logTime": "0907/203333", "correlationVector":"ugHf7JBCa7yN98yMDWGhGy.0","action":"FeedSettingFetch_homeCloud", "result":"0", "context":{}}
{"logTime": "0907/203334", "correlationVector":"ugHf7JBCa7yN98yMDWGhGy.0","action":"SyncServerConnectionManagerRequest", "result":"SYNC_SERVER_OK", "context":{"environment":"", "migrationStage":"", "server":""}}
{"logTime": "0907/203334", "correlationVector":"6jD+3Mdssk1Y6DRULw4c2+.1","action":"SyncServerConnectionManagerRequest", "result":"SYNC_SERVER_OK", "context":{"environment":"Prod_WestEurope_000l", "migrationStage":"NotStarted", "server":"general01000019"}}
{"logTime": "0907/203334", "correlationVector":"6jD+3Mdssk1Y6DRULw4c2+","action":"Initial GetUpdates", "result":"", "context":Reason: NEW_CLIENT. cV=6jD+3Mdssk1Y6DRULw4c2+}
{"logTime": "0907/203334", "correlationVector":"6jD+3Mdssk1Y6DRULw4c2+.2","action":"GetUpdates Response", "result":"SYNCER_OK", "context":Received 1 update(s). cV=6jD+3Mdssk1Y6DRULw4c2+.0;server=general01000019;cloudType=Consumer;environment=Prod_WestEurope_000l;migrationStage=NotStarted}
{"logTime": "0907/203336", "correlationVector":"erLIdoLdOR916olGbtqmO3","action":"Initial GetUpdates", "result":"", "context":Reason: NEW_CLIENT. cV=erLIdoLdOR916olGbtqmO3}
{"logTime": "0907/203337", "correlationVector":"erLIdoLdOR916olGbtqmO3.1","action":"SyncServerConnectionManagerRequest", "result":"SYNC_SERVER_OK", "context":{"environment":"Prod_WestEurope_000l", "migrationStage":"NotStarted", "server":"general01000016"}}
{"logTime": "0907/203337", "correlationVector":"erLIdoLdOR916olGbtqmO3.2","action":"GetUpdates Response", "result":"SYNCER_OK", "context":Received 32 update(s). cV=erLIdoLdOR916olGbtqmO3.0;server=general01000016;cloudType=Consumer;environment=Prod_WestEurope_000l;migrationStage=NotStarted}
{"logTime": "0907/203337", "correlationVector":"pdppn91ED606ZWRuZQgVT3","action":"Initial GetUpdates", "result":"", "context":Reason: NEW_CLIENT. cV=pdppn91ED606ZWRuZQgVT3}
{"logTime": "0907/203337", "correlationVector":"pdppn91ED606ZWRuZQgVT3.1","action":"SyncServerConnectionManagerRequest", "result":"SYNC_SERVER_OK", "context":{"environment":"Prod_WestEurope_000l", "migrationStage":"NotStarted", "server":"general0100000T"}}
{"logTime": "0907/203337", "correlationVector":"pdppn91ED606ZWRuZQgVT3.2","action":"GetUpdates Response", "result":"SYNCER_OK", "context":Received 5 update(s). cV=pdppn91ED606ZWRuZQgVT3.0;server=general0100000T;cloudType=Consumer;environment=Prod_WestEurope_000l;migrationStage=NotStarted}
{"logTime": "0907/203337", "correlationVector":"whszGPJm1hmpuHZueA7a3q","action":"Initial GetUpdates", "result":"", "context":Reason: NEW_CLIENT. cV=whszGPJm1hmpuHZueA7a3q}
{"logTime": "0907/203337", "correlationVector":"whszGPJm1hmpuHZueA7a3q.1","action":"SyncServerConnectionManagerRequest", "result":"SYNC_SERVER_OK", "context":{"environment":"Prod_WestEurope_000l", "migrationStage":"NotStarted", "server":"general0100001Y"}}
{"logTime": "0907/203337", "correlationVector":"whszGPJm1hmpuHZueA7a3q.2","action":"GetUpdates Response", "result":"SYNCER_OK", "context":Received 2 update(s). cV=whszGPJm1hmpuHZueA7a3q.0;server=general0100001Y;cloudType=Consumer;environment=Prod_WestEurope_000l;migrationStage=NotStarted}
{"logTime": "0907/203337", "correlationVector":"aOL70UglfU9RvZ8fMSKeHv","action":"Normal GetUpdate request", "result":"", "context":cV=aOL70UglfU9RvZ8fMSKeHv
Nudged types: Preferences, Device Info, User Consents
Refresh requested types: Bookmarks, Preferences, Passwords, Autofill Profiles, Autofill, Autofill Custom Data, Extensions, Extension settings, Device Info, User Consents, Send Tab To Self, Web Apps, Collection, Edge E Drop, Edge Hub App Usage, Encryption Keys}
{"logTime": "0907/203337", "correlationVector":"aOL70UglfU9RvZ8fMSKeHv.1","action":"SyncServerConnectionManagerRequest", "result":"SYNC_SERVER_OK", "context":{"environment":"Prod_WestEurope_000l", "migrationStage":"NotStarted", "server":"general0100000U"}}
{"logTime": "0907/203337", "correlationVector":"aOL70UglfU9RvZ8fMSKeHv.2","action":"GetUpdates Response", "result":"SYNCER_OK", "context":Received 0 update(s). cV=aOL70UglfU9RvZ8fMSKeHv.0;server=general0100000U;cloudType=Consumer;environment=Prod_WestEurope_000l;migrationStage=NotStarted}
{"logTime": "0907/203337", "correlationVector":"83swxXwH02h0F9qb6cT7T4","action":"Commit Request", "result":"", "context":Item count: 1
Contributing types: Device Info}
{"logTime": "0907/203338", "correlationVector":"83swxXwH02h0F9qb6cT7T4.1","action":"SyncServerConnectionManagerRequest", "result":"SYNC_SERVER_OK", "context":{"environment":"Prod_WestEurope_000l", "migrationStage":"NotStarted", "server":"general0100000Q"}}
{"logTime": "0907/203338", "correlationVector":"83swxXwH02h0F9qb6cT7T4.2","action":"Commit Response", "result":"SYNCER_OK", "context":Result: SYNCER_OK. cV=83swxXwH02h0F9qb6cT7T4.0;server=general0100000Q;cloudType=Consumer;environment=Prod_WestEurope_000l;migrationStage=NotStarted}
{"logTime": "0907/203338", "correlationVector":"Z3w7UjE/ivbtUZ1+CZtC9s","action":"Commit Request", "result":"", "context":Item count: 6
Contributing types: Preferences, User Consents}
{"logTime": "0907/203338", "correlationVector":"Z3w7UjE/ivbtUZ1+CZtC9s.1","action":"SyncServerConnectionManagerRequest", "result":"SYNC_SERVER_OK", "context":{"environment":"Prod_WestEurope_000l", "migrationStage":"NotStarted", "server":"general0100000B"}}
{"logTime": "0907/203338", "correlationVector":"Z3w7UjE/ivbtUZ1+CZtC9s.2","action":"Commit Response", "result":"SYNCER_OK", "context":Result: SYNCER_OK. cV=Z3w7UjE/ivbtUZ1+CZtC9s.0;server=general0100000B;cloudType=Consumer;environment=Prod_WestEurope_000l;migrationStage=NotStarted}
{"logTime": "0907/203351", "correlationVector":"bb9k4zG+yCTXKTKDr0KXP1","action":"Commit Request", "result":"", "context":Item count: 2
Contributing types: Preferences}
{"logTime": "0907/203352", "correlationVector":"bb9k4zG+yCTXKTKDr0KXP1.1","action":"SyncServerConnectionManagerRequest", "result":"SYNC_SERVER_OK", "context":{"environment":"Prod_WestEurope_000l", "migrationStage":"NotStarted", "server":"general0100000O"}}
{"logTime": "0907/203352", "correlationVector":"bb9k4zG+yCTXKTKDr0KXP1.2","action":"Commit Response", "result":"SYNCER_OK", "context":Result: SYNCER_OK. cV=bb9k4zG+yCTXKTKDr0KXP1.0;server=general0100000O;cloudType=Consumer;environment=Prod_WestEurope_000l;migrationStage=NotStarted}
{"logTime": "0907/204122", "correlationVector":"pOWIKB8QZ4w6OvaGcC6I12.0","action":"FeedSettingFetch_homeCloud", "result":"0", "context":{}}
{"logTime": "0907/204122", "correlationVector":"VPkmH50h7dHOtA6vcxiceN.1","action":"SyncServerConnectionManagerRequest", "result":"SYNC_SERVER_OK", "context":{"environment":"Prod_WestEurope_000l", "migrationStage":"NotStarted", "server":"general0100000T"}}
{"logTime": "0907/204122", "correlationVector":"VPkmH50h7dHOtA6vcxiceN","action":"Initial GetUpdates", "result":"", "context":Reason: NEW_CLIENT. cV=VPkmH50h7dHOtA6vcxiceN}
{"logTime": "0907/204122", "correlationVector":"VPkmH50h7dHOtA6vcxiceN.2","action":"GetUpdates Response", "result":"SYNCER_OK", "context":Received 1 update(s). cV=VPkmH50h7dHOtA6vcxiceN.0;server=general0100000T;cloudType=Consumer;environment=Prod_WestEurope_000l;migrationStage=NotStarted}
{"logTime": "0907/204122", "correlationVector":"IEQ4VlDsVgSI3yGJVsD0Zx","action":"Initial GetUpdates", "result":"", "context":Reason: NEWLY_SUPPORTED_DATATYPE. cV=IEQ4VlDsVgSI3yGJVsD0Zx}
{"logTime": "0907/204122", "correlationVector":"IEQ4VlDsVgSI3yGJVsD0Zx.1","action":"SyncServerConnectionManagerRequest", "result":"SYNC_SERVER_OK", "context":{"environment":"Prod_WestEurope_000l", "migrationStage":"NotStarted", "server":"general0100000A"}}
{"logTime": "0907/204122", "correlationVector":"IEQ4VlDsVgSI3yGJVsD0Zx.2","action":"GetUpdates Response", "result":"SYNCER_OK", "context":Received 1 update(s). cV=IEQ4VlDsVgSI3yGJVsD0Zx.0;server=general0100000A;cloudType=Consumer;environment=Prod_WestEurope_000l;migrationStage=NotStarted}
{"logTime": "0907/204122", "correlationVector":"+L+EjsCDKYlFwUqwy9xs5v","action":"Normal GetUpdate request", "result":"", "context":cV=+L+EjsCDKYlFwUqwy9xs5v
Nudged types: User Consents
Refresh requested types: Bookmarks, Preferences, Passwords, Autofill Profiles, Autofill, Autofill Custom Data, Extensions, Extension settings, Device Info, User Consents, Send Tab To Self, Web Apps, Collection, Edge E Drop, Edge Hub App Usage, Encryption Keys}
{"logTime": "0907/204122", "correlationVector":"+L+EjsCDKYlFwUqwy9xs5v.1","action":"SyncServerConnectionManagerRequest", "result":"SYNC_SERVER_OK", "context":{"environment":"Prod_WestEurope_000l", "migrationStage":"NotStarted", "server":"general0100000Z"}}
{"logTime": "0907/204122", "correlationVector":"+L+EjsCDKYlFwUqwy9xs5v.2","action":"GetUpdates Response", "result":"SYNCER_OK", "context":Received 7 update(s). cV=+L+EjsCDKYlFwUqwy9xs5v.0;server=general0100000Z;cloudType=Consumer;environment=Prod_WestEurope_000l;migrationStage=NotStarted}
{"logTime": "0907/204122", "correlationVector":"D30oVwlXPuwlob0PBINLv7","action":"Commit Request", "result":"", "context":Item count: 1
Contributing types: User Consents}
{"logTime": "0907/204122", "correlationVector":"D30oVwlXPuwlob0PBINLv7.1","action":"SyncServerConnectionManagerRequest", "result":"SYNC_SERVER_OK", "context":{"environment":"Prod_WestEurope_000l", "migrationStage":"NotStarted", "server":"general0100000S"}}
{"logTime": "0907/204122", "correlationVector":"D30oVwlXPuwlob0PBINLv7.2","action":"Commit Response", "result":"SYNCER_OK", "context":Result: SYNCER_OK. cV=D30oVwlXPuwlob0PBINLv7.0;server=general0100000S;cloudType=Consumer;environment=Prod_WestEurope_000l;migrationStage=NotStarted}
{"logTime": "0907/204124", "correlationVector":"mG4otIhnHTZK5d+wtT/mDR","action":"SyncServerConnectionManagerRequest", "result":"SYNC_SERVER_OK", "context":{"environment":"", "migrationStage":"", "server":""}}
{"logTime": "0907/204124", "correlationVector":"x/Y0Xjvdpu1a2rPD3AKmG1","action":"Initial GetUpdates", "result":"", "context":Reason: RECONFIGURATION. cV=x/Y0Xjvdpu1a2rPD3AKmG1}
{"logTime": "0907/204124", "correlationVector":"x/Y0Xjvdpu1a2rPD3AKmG1.1","action":"SyncServerConnectionManagerRequest", "result":"SYNC_SERVER_OK", "context":{"environment":"Prod_WestEurope_000l", "migrationStage":"NotStarted", "server":"general01000008"}}
{"logTime": "0907/204124", "correlationVector":"x/Y0Xjvdpu1a2rPD3AKmG1.2","action":"GetUpdates Response", "result":"SYNCER_OK", "context":Received 0 update(s). cV=x/Y0Xjvdpu1a2rPD3AKmG1.0;server=general01000008;cloudType=Consumer;environment=Prod_WestEurope_000l;migrationStage=NotStarted}
{"logTime": "0907/204124", "correlationVector":"HXoTfFjaTt/hy5/Yf6+1C5","action":"Normal GetUpdate request", "result":"", "context":cV=HXoTfFjaTt/hy5/Yf6+1C5
Nudged types: Sessions, Device Info
Refresh requested types: Bookmarks, Preferences, Passwords, Autofill Profiles, Autofill, Autofill Custom Data, Typed URLs, Extensions, Sessions, Extension settings, History Delete Directives, Device Info, User Consents, Send Tab To Self, Web Apps, Collection, Edge E Drop, Edge Hub App Usage, Encryption Keys}
{"logTime": "0907/204124", "correlationVector":"HXoTfFjaTt/hy5/Yf6+1C5.1","action":"SyncServerConnectionManagerRequest", "result":"SYNC_SERVER_OK", "context":{"environment":"Prod_WestEurope_000l", "migrationStage":"NotStarted", "server":"general01000013"}}
{"logTime": "0907/204124", "correlationVector":"HXoTfFjaTt/hy5/Yf6+1C5.2","action":"GetUpdates Response", "result":"SYNCER_OK", "context":Received 0 update(s). cV=HXoTfFjaTt/hy5/Yf6+1C5.0;server=general01000013;cloudType=Consumer;environment=Prod_WestEurope_000l;migrationStage=NotStarted}
{"logTime": "0907/204124", "correlationVector":"WQLdU0Bk+shGjzk5rL6w1m","action":"Commit Request", "result":"", "context":Item count: 1
Contributing types: Device Info}
{"logTime": "0907/204124", "correlationVector":"WQLdU0Bk+shGjzk5rL6w1m.1","action":"SyncServerConnectionManagerRequest", "result":"SYNC_SERVER_OK", "context":{"environment":"Prod_WestEurope_000l", "migrationStage":"NotStarted", "server":"general01000002"}}
{"logTime": "0907/204124", "correlationVector":"WQLdU0Bk+shGjzk5rL6w1m.2","action":"Commit Response", "result":"SYNCER_OK", "context":Result: SYNCER_OK. cV=WQLdU0Bk+shGjzk5rL6w1m.0;server=general01000002;cloudType=Consumer;environment=Prod_WestEurope_000l;migrationStage=NotStarted}
{"logTime": "0907/204124", "correlationVector":"4KA64qXpiYFb4XotObD7io","action":"Commit Request", "result":"", "context":Item count: 2
Contributing types: Sessions}
{"logTime": "0907/204125", "correlationVector":"4KA64qXpiYFb4XotObD7io.1","action":"SyncServerConnectionManagerRequest", "result":"SYNC_SERVER_OK", "context":{"environment":"Prod_WestEurope_000l", "migrationStage":"NotStarted", "server":"general0100000Q"}}
{"logTime": "0907/204125", "correlationVector":"4KA64qXpiYFb4XotObD7io.2","action":"Commit Response", "result":"SYNCER_OK", "context":Result: SYNCER_OK. cV=4KA64qXpiYFb4XotObD7io.0;server=general0100000Q;cloudType=Consumer;environment=Prod_WestEurope_000l;migrationStage=NotStarted}
